[2025-06-13 20:06:50,636.636] DEBUG    [ThreadPoolExecutor-0_0|MainProcess] urllib3.connectionpool (connectionpool.py:_new_conn:1022) | Starting new HTTPS connection (1): ghfast.top:443
[2025-06-13 20:06:50,636.636] DEBUG    [ThreadPoolExecutor-0_1|MainProcess] urllib3.connectionpool (connectionpool.py:_new_conn:1022) | Starting new HTTPS connection (1): github.7boe.top:443
[2025-06-13 20:06:50,637.637] DEBUG    [ThreadPoolExecutor-0_4|MainProcess] urllib3.connectionpool (connectionpool.py:_new_conn:1022) | Starting new HTTPS connection (1): github.whrstudio.top:443
[2025-06-13 20:06:50,637.637] DEBUG    [ThreadPoolExecutor-0_3|MainProcess] urllib3.connectionpool (connectionpool.py:_new_conn:1022) | Starting new HTTPS connection (1): gh-proxy.ygxz.in:443
[2025-06-13 20:06:50,637.637] DEBUG    [ThreadPoolExecutor-0_5|MainProcess] urllib3.connectionpool (connectionpool.py:_new_conn:1022) | Starting new HTTPS connection (1): proxy.yaoyaoling.net:443
[2025-06-13 20:06:50,638.638] DEBUG    [ThreadPoolExecutor-0_2|MainProcess] urllib3.connectionpool (connectionpool.py:_new_conn:1022) | Starting new HTTPS connection (1): cdn.moran233.xyz:443
[2025-06-13 20:06:50,639.639] DEBUG    [ThreadPoolExecutor-0_8|MainProcess] urllib3.connectionpool (connectionpool.py:_new_conn:1022) | Starting new HTTPS connection (1): git.886.be:443
[2025-06-13 20:06:50,639.639] DEBUG    [ThreadPoolExecutor-0_7|MainProcess] urllib3.connectionpool (connectionpool.py:_new_conn:1022) | Starting new HTTPS connection (1): fastgit.cc:443
[2025-06-13 20:06:50,639.639] DEBUG    [ThreadPoolExecutor-0_6|MainProcess] urllib3.connectionpool (connectionpool.py:_new_conn:1022) | Starting new HTTPS connection (1): ghproxy.net:443
[2025-06-13 20:06:50,640.640] DEBUG    [ThreadPoolExecutor-0_9|MainProcess] urllib3.connectionpool (connectionpool.py:_new_conn:1022) | Starting new HTTPS connection (1): gh-proxy.com:443
[2025-06-13 20:06:50,830.830] DEBUG    [ThreadPoolExecutor-0_2|MainProcess] urllib3.connectionpool (connectionpool.py:_make_request:475) | https://cdn.moran233.xyz:443 "GET / HTTP/1.1" 404 19
[2025-06-13 23:58:30,928.928] DEBUG    [ThreadPoolExecutor-0_2|MainProcess] urllib3.connectionpool (connectionpool.py:_new_conn:1022) | Starting new HTTPS connection (1): cdn.moran233.xyz:443
[2025-06-13 23:58:30,928.928] DEBUG    [ThreadPoolExecutor-0_0|MainProcess] urllib3.connectionpool (connectionpool.py:_new_conn:1022) | Starting new HTTPS connection (1): ghfast.top:443
[2025-06-13 23:58:30,929.929] DEBUG    [ThreadPoolExecutor-0_8|MainProcess] urllib3.connectionpool (connectionpool.py:_new_conn:1022) | Starting new HTTPS connection (1): git.886.be:443
[2025-06-13 23:58:30,929.929] DEBUG    [ThreadPoolExecutor-0_1|MainProcess] urllib3.connectionpool (connectionpool.py:_new_conn:1022) | Starting new HTTPS connection (1): github.7boe.top:443
[2025-06-13 23:58:30,930.930] DEBUG    [ThreadPoolExecutor-0_3|MainProcess] urllib3.connectionpool (connectionpool.py:_new_conn:1022) | Starting new HTTPS connection (1): gh-proxy.ygxz.in:443
[2025-06-13 23:58:30,930.930] DEBUG    [ThreadPoolExecutor-0_6|MainProcess] urllib3.connectionpool (connectionpool.py:_new_conn:1022) | Starting new HTTPS connection (1): ghproxy.net:443
[2025-06-13 23:58:30,930.930] DEBUG    [ThreadPoolExecutor-0_4|MainProcess] urllib3.connectionpool (connectionpool.py:_new_conn:1022) | Starting new HTTPS connection (1): github.whrstudio.top:443
[2025-06-13 23:58:30,930.930] DEBUG    [ThreadPoolExecutor-0_7|MainProcess] urllib3.connectionpool (connectionpool.py:_new_conn:1022) | Starting new HTTPS connection (1): fastgit.cc:443
[2025-06-13 23:58:30,932.932] DEBUG    [ThreadPoolExecutor-0_9|MainProcess] urllib3.connectionpool (connectionpool.py:_new_conn:1022) | Starting new HTTPS connection (1): gh-proxy.com:443
[2025-06-13 23:58:30,932.932] DEBUG    [ThreadPoolExecutor-0_5|MainProcess] urllib3.connectionpool (connectionpool.py:_new_conn:1022) | Starting new HTTPS connection (1): proxy.yaoyaoling.net:443
[2025-06-13 23:58:31,090.090] INFO     [MainThread|MainProcess] Logger (config.py:validate_config:174) | [BOTQQ]: 3044829389 | [WSURI]: ws://localhost:3001 | [WS_TOKEN]:  | [ROOT]: 3022402752 | [WEBUI]: http://localhost:6099
[2025-06-13 23:58:31,091.091] INFO     [MainThread|MainProcess] Logger (config.py:validate_config:186) | 未启用插件白名单或黑名单，将加载所有插件
[2025-06-13 23:58:31,091.091] DEBUG    [MainThread|MainProcess] AccessController (access_controller.py:_load_access:172) | 加载权限
[2025-06-13 23:58:31,092.092] DEBUG    [MainThread|MainProcess] asyncio (proactor_events.py:__init__:626) | Using proactor: IocpProactor
[2025-06-13 23:58:31,112.112] DEBUG    [ThreadPoolExecutor-0_2|MainProcess] urllib3.connectionpool (connectionpool.py:_make_request:475) | https://cdn.moran233.xyz:443 "GET / HTTP/1.1" 404 19
[2025-06-13 23:58:31,167.167] DEBUG    [ThreadPoolExecutor-0_5|MainProcess] urllib3.connectionpool (connectionpool.py:_make_request:475) | https://proxy.yaoyaoling.net:443 "GET / HTTP/1.1" 200 None
[2025-06-13 23:58:31,723.723] DEBUG    [ThreadPoolExecutor-0_4|MainProcess] urllib3.connectionpool (connectionpool.py:_make_request:475) | https://github.whrstudio.top:443 "GET / HTTP/1.1" 200 11155
[2025-06-13 23:58:31,860.860] DEBUG    [ThreadPoolExecutor-0_0|MainProcess] urllib3.connectionpool (connectionpool.py:_make_request:475) | https://ghfast.top:443 "GET / HTTP/1.1" 200 None
[2025-06-13 23:58:32,056.056] DEBUG    [ThreadPoolExecutor-0_9|MainProcess] urllib3.connectionpool (connectionpool.py:_make_request:475) | https://gh-proxy.com:443 "GET / HTTP/1.1" 200 None
[2025-06-13 23:58:32,347.347] DEBUG    [ThreadPoolExecutor-0_6|MainProcess] urllib3.connectionpool (connectionpool.py:_make_request:475) | https://ghproxy.net:443 "GET / HTTP/1.1" 200 None
[2025-06-13 23:58:33,501.501] DEBUG    [ThreadPoolExecutor-0_8|MainProcess] urllib3.connectionpool (connectionpool.py:_make_request:475) | https://git.886.be:443 "GET / HTTP/1.1" 200 None
[2025-06-13 23:58:35,163.163] INFO     [MainThread|MainProcess] adapter.nc.launcher (launcher.py:ncatbot_service_remote_start:82) | NapCat 服务器离线, 启动本地 NapCat 服务中...
[2025-06-13 23:58:35,189.189] INFO     [MainThread|MainProcess] adapter.nc.start (start.py:read_webui_config:220) | Token: napcat, Webui port: 6099
[2025-06-13 23:58:35,189.189] INFO     [MainThread|MainProcess] adapter.nc.start (start.py:get_launcher_name:95) | 当前操作系统为: Windows 10
[2025-06-13 23:58:35,191.191] INFO     [MainThread|MainProcess] adapter.nc.start (start.py:start_napcat_windows:112) | 正在启动QQ, 启动器路径: F:\MusicalBot\napcat\launcher-win10.bat
[2025-06-13 23:58:35,209.209] INFO     [MainThread|MainProcess] adapter.nc.login (login.py:login:248) | 即将弹出权限请求, 请允许
[2025-06-13 23:58:35,241.241] DEBUG    [MainThread|MainProcess] urllib3.connectionpool (connectionpool.py:_new_conn:246) | Starting new HTTP connection (1): localhost:6099
[2025-06-13 23:58:39,380.380] DEBUG    [MainThread|MainProcess] urllib3.connectionpool (connectionpool.py:_new_conn:246) | Starting new HTTP connection (1): localhost:6099
[2025-06-13 23:58:39,413.413] DEBUG    [MainThread|MainProcess] urllib3.connectionpool (connectionpool.py:_make_request:475) | http://localhost:6099 "POST /api/auth/login HTTP/1.1" 200 315
[2025-06-13 23:58:39,440.440] DEBUG    [MainThread|MainProcess] adapter.nc.login (login.py:__init__:63) | 成功连接到 WEBUI
[2025-06-13 23:58:39,442.442] DEBUG    [MainThread|MainProcess] urllib3.connectionpool (connectionpool.py:_new_conn:246) | Starting new HTTP connection (1): localhost:6099
[2025-06-13 23:58:39,457.457] DEBUG    [MainThread|MainProcess] urllib3.connectionpool (connectionpool.py:_make_request:475) | http://localhost:6099 "POST /api/QQLogin/GetQQLoginInfo HTTP/1.1" 200 67
[2025-06-13 23:58:39,520.520] DEBUG    [MainThread|MainProcess] urllib3.connectionpool (connectionpool.py:_new_conn:246) | Starting new HTTP connection (1): localhost:6099
[2025-06-13 23:58:39,523.523] DEBUG    [MainThread|MainProcess] urllib3.connectionpool (connectionpool.py:_make_request:475) | http://localhost:6099 "POST /api/QQLogin/GetQQLoginInfo HTTP/1.1" 200 67
[2025-06-13 23:58:39,582.582] DEBUG    [MainThread|MainProcess] urllib3.connectionpool (connectionpool.py:_new_conn:246) | Starting new HTTP connection (1): localhost:6099
[2025-06-13 23:58:39,599.599] DEBUG    [MainThread|MainProcess] urllib3.connectionpool (connectionpool.py:_make_request:475) | http://localhost:6099 "POST /api/QQLogin/GetQQLoginInfo HTTP/1.1" 200 67
[2025-06-13 23:58:39,659.659] DEBUG    [MainThread|MainProcess] urllib3.connectionpool (connectionpool.py:_new_conn:246) | Starting new HTTP connection (1): localhost:6099
[2025-06-13 23:58:39,663.663] DEBUG    [MainThread|MainProcess] urllib3.connectionpool (connectionpool.py:_make_request:475) | http://localhost:6099 "POST /api/QQLogin/GetQQLoginInfo HTTP/1.1" 200 67
[2025-06-13 23:58:39,722.722] DEBUG    [MainThread|MainProcess] urllib3.connectionpool (connectionpool.py:_new_conn:246) | Starting new HTTP connection (1): localhost:6099
[2025-06-13 23:58:39,724.724] DEBUG    [MainThread|MainProcess] urllib3.connectionpool (connectionpool.py:_make_request:475) | http://localhost:6099 "POST /api/QQLogin/GetQQLoginInfo HTTP/1.1" 200 67
[2025-06-13 23:58:39,784.784] INFO     [MainThread|MainProcess] adapter.nc.login (login.py:login:240) | 未登录 QQ, 尝试登录
[2025-06-13 23:58:39,786.786] DEBUG    [MainThread|MainProcess] urllib3.connectionpool (connectionpool.py:_new_conn:246) | Starting new HTTP connection (1): localhost:6099
[2025-06-13 23:58:39,788.788] DEBUG    [MainThread|MainProcess] urllib3.connectionpool (connectionpool.py:_make_request:475) | http://localhost:6099 "POST /api/QQLogin/GetQuickLoginListNew HTTP/1.1" 200 413
[2025-06-13 23:58:39,789.789] INFO     [MainThread|MainProcess] adapter.nc.login (login.py:get_quick_login:127) | 快速登录列表: ['3044829389']
[2025-06-13 23:58:39,789.789] INFO     [MainThread|MainProcess] adapter.nc.login (login.py:send_quick_login_request:176) | 正在发送快速登录请求...
[2025-06-13 23:58:39,791.791] DEBUG    [MainThread|MainProcess] urllib3.connectionpool (connectionpool.py:_new_conn:246) | Starting new HTTP connection (1): localhost:6099
